18:48:48 **** Rebuild of configuration Debug for project Amazon21 ****
Info: Internal Builder is used for build
g++ -O0 -g3 -Wall -c -fmessage-length=0 -o "src\\Amazon21.o" "..\\src\\Amazon21.cpp" 
g++ -o Amazon21.exe "src\\Amazon21.o" 
19:04:13 **** Incremental Build of configuration Debug for project Amazon21 ****
Info: Internal Builder is used for build
g++ -O0 -g3 -Wall -c -fmessage-length=0 -o "src\\Amazon21.o" "..\\src\\Amazon21.cpp" 
g++ -o Amazon21.exe "src\\Amazon21.o" 
Info: Nothing to build for Amazon21
19:05:13 **** Incremental Build of configuration Debug for project Amazon21 ****
Info: Internal Builder is used for build
g++ -O0 -g3 -Wall -c -fmessage-length=0 -o "src\\Amazon21.o" "..\\src\\Amazon21.cpp" 
g++ -o Amazon21.exe "src\\Amazon21.o" 
00:53:14 **** Incremental Build of configuration Debug for project Amazon21 ****
Info: Internal Builder is used for build
g++ -O0 -g3 -Wall -c -fmessage-length=0 -o "src\\Amazon21.o" "..\\src\\Amazon21.cpp" 
g++ -o Amazon21.exe "src\\Amazon21.o" 
00:53:43 **** Incremental Build of configuration Debug for project Amazon21 ****
Info: Internal Builder is used for build
g++ -O0 -g3 -Wall -c -fmessage-length=0 -o "src\\Amazon21.o" "..\\src\\Amazon21.cpp" 
g++ -o Amazon21.exe "src\\Amazon21.o" 
23:03:04 **** Incremental Build of configuration Debug for project Amazon21 ****
Info: Internal Builder is used for build
g++ -O0 -g3 -Wall -c -fmessage-length=0 -o "src\\Amazon21.o" "..\\src\\Amazon21.cpp" 
..\src\Amazon21.cpp: In function 'int main()':
..\src\Amazon21.cpp:31:10: error: redeclaration of 'int arr []'
  int arr[]={2,3,4};
          ^
..\src\Amazon21.cpp:16:6: error: 'int arr [13]' previously declared here
  int arr[]={2,3,5,6,8,9,5,3,1,2,3,5,8};
      ^
..\src\Amazon21.cpp: In function 'void printDigit(int*, int, int)':
..\src\Amazon21.cpp:62:2: error: duplicate case value
  case 2:
  ^
..\src\Amazon21.cpp:46:2: error: previously used here
  case 2:
  ^
23:03:27 **** Incremental Build of configuration Debug for project Amazon21 ****
Info: Internal Builder is used for build
g++ -O0 -g3 -Wall -c -fmessage-length=0 -o "src\\Amazon21.o" "..\\src\\Amazon21.cpp" 
..\src\Amazon21.cpp: In function 'void printDigit(int*, int, int)':
..\src\Amazon21.cpp:62:2: error: duplicate case value
  case 2:
  ^
..\src\Amazon21.cpp:46:2: error: previously used here
  case 2:
  ^
23:03:39 **** Incremental Build of configuration Debug for project Amazon21 ****
Info: Internal Builder is used for build
g++ -O0 -g3 -Wall -c -fmessage-length=0 -o "src\\Amazon21.o" "..\\src\\Amazon21.cpp" 
..\src\Amazon21.cpp: In function 'void printDigit(int*, int, int)':
..\src\Amazon21.cpp:62:2: error: duplicate case value
  case 2:
  ^
..\src\Amazon21.cpp:46:2: error: previously used here
  case 2:
  ^
23:03:58 **** Incremental Build of configuration Debug for project Amazon21 ****
Info: Internal Builder is used for build
g++ -O0 -g3 -Wall -c -fmessage-length=0 -o "src\\Amazon21.o" "..\\src\\Amazon21.cpp" 
g++ -o Amazon21.exe "src\\Amazon21.o" 
Info: Nothing to build for Amazon21
Info: Nothing to build for Amazon21
23:09:18 **** Incremental Build of configuration Debug for project Amazon21 ****
Info: Internal Builder is used for build
g++ -O0 -g3 -Wall -c -fmessage-length=0 -o "src\\Amazon21.o" "..\\src\\Amazon21.cpp" 
g++ -o Amazon21.exe "src\\Amazon21.o" 
c:/mingw/bin/../lib/gcc/mingw32/4.8.1/../../../../mingw32/bin/ld.exe: cannot open output file Amazon21.exe: Permission denied
collect2.exe: error: ld returned 1 exit status
23:09:34 **** Incremental Build of configuration Debug for project Amazon21 ****
Info: Internal Builder is used for build
g++ -O0 -g3 -Wall -c -fmessage-length=0 -o "src\\Amazon21.o" "..\\src\\Amazon21.cpp" 
g++ -o Amazon21.exe "src\\Amazon21.o" 
Info: Nothing to build for Amazon21
23:11:39 **** Incremental Build of configuration Debug for project Amazon21 ****
Info: Internal Builder is used for build
g++ -O0 -g3 -Wall -c -fmessage-length=0 -o "src\\Amazon21.o" "..\\src\\Amazon21.cpp" 
g++ -o Amazon21.exe "src\\Amazon21.o" 
23:46:08 **** Incremental Build of configuration Debug for project Amazon21 ****
Info: Internal Builder is used for build
g++ -O0 -g3 -Wall -c -fmessage-length=0 -o "src\\Amazon21.o" "..\\src\\Amazon21.cpp" 
..\src\Amazon21.cpp: In function 'int main()':
..\src\Amazon21.cpp:38:6: warning: unused variable 't' [-Wunused-variable]
  int t[][C]={{1,2,3},{4,5,6},{7,8,9}};
      ^
g++ -o Amazon21.exe "src\\Amazon21.o" 
Info: Nothing to build for Amazon21
23:46:45 **** Incremental Build of configuration Debug for project Amazon21 ****
Info: Internal Builder is used for build
g++ -O0 -g3 -Wall -c -fmessage-length=0 -o "src\\Amazon21.o" "..\\src\\Amazon21.cpp" 
..\src\Amazon21.cpp: In function 'int main()':
..\src\Amazon21.cpp:39:20: error: 'rotateBy90Degree' was not declared in this scope
  rotateBy90Degree(t);
                    ^
23:47:07 **** Incremental Build of configuration Debug for project Amazon21 ****
Info: Internal Builder is used for build
g++ -O0 -g3 -Wall -c -fmessage-length=0 -o "src\\Amazon21.o" "..\\src\\Amazon21.cpp" 
g++ -o Amazon21.exe "src\\Amazon21.o" 
23:47:39 **** Incremental Build of configuration Debug for project Amazon21 ****
Info: Internal Builder is used for build
g++ -O0 -g3 -Wall -c -fmessage-length=0 -o "src\\Amazon21.o" "..\\src\\Amazon21.cpp" 
g++ -o Amazon21.exe "src\\Amazon21.o" 
23:48:03 **** Incremental Build of configuration Debug for project Amazon21 ****
Info: Internal Builder is used for build
g++ -O0 -g3 -Wall -c -fmessage-length=0 -o "src\\Amazon21.o" "..\\src\\Amazon21.cpp" 
g++ -o Amazon21.exe "src\\Amazon21.o" 
01:22:24 **** Incremental Build of configuration Debug for project Amazon21 ****
Info: Internal Builder is used for build
g++ -O0 -g3 -Wall -c -fmessage-length=0 -o "src\\Amazon21.o" "..\\src\\Amazon21.cpp" 
g++ -o Amazon21.exe "src\\Amazon21.o" 
01:23:26 **** Incremental Build of configuration Debug for project Amazon21 ****
Info: Internal Builder is used for build
g++ -O0 -g3 -Wall -c -fmessage-length=0 -o "src\\Amazon21.o" "..\\src\\Amazon21.cpp" 
g++ -o Amazon21.exe "src\\Amazon21.o" 
01:26:46 **** Incremental Build of configuration Debug for project Amazon21 ****
Info: Internal Builder is used for build
g++ -O0 -g3 -Wall -c -fmessage-length=0 -o "src\\Amazon21.o" "..\\src\\Amazon21.cpp" 
..\src\Amazon21.cpp: In function 'void printParanthesis(int, int, int, int, int, int, int, int, int, int)':
..\src\Amazon21.cpp:57:41: error: too few arguments to function 'void printParanthesis(int, int, int, int, int, int, int, int, int, int)'
    printParanthesis(pos+1,n,open,close+1);
                                         ^
..\src\Amazon21.cpp:48:6: note: declared here
 void printParanthesis(int pos,int n,int n1,int n2,int open,int close,int open1,int close1,int open2,int close2){
      ^
..\src\Amazon21.cpp:61:43: error: too few arguments to function 'void printParanthesis(int, int, int, int, int, int, int, int, int, int)'
      printParanthesis(pos+1,n,open+1,close);
                                           ^
..\src\Amazon21.cpp:48:6: note: declared here
 void printParanthesis(int pos,int n,int n1,int n2,int open,int close,int open1,int close1,int open2,int close2){
      ^
..\src\Amazon21.cpp:66:44: error: too few arguments to function 'void printParanthesis(int, int, int, int, int, int, int, int, int, int)'
    printParanthesis(pos+1,n1,open1,close1+1);
                                            ^
..\src\Amazon21.cpp:48:6: note: declared here
 void printParanthesis(int pos,int n,int n1,int n2,int open,int close,int open1,int close1,int open2,int close2){
      ^
..\src\Amazon21.cpp:70:23: error: 'pos1' was not declared in this scope
      printParanthesis(pos1+1,n1,open1+1,close1);
                       ^
..\src\Amazon21.cpp:75:44: error: too few arguments to function 'void printParanthesis(int, int, int, int, int, int, int, int, int, int)'
    printParanthesis(pos+1,n2,open2,close2+1);
                                            ^
..\src\Amazon21.cpp:48:6: note: declared here
 void printParanthesis(int pos,int n,int n1,int n2,int open,int close,int open1,int close1,int open2,int close2){
      ^
..\src\Amazon21.cpp:79:46: error: too few arguments to function 'void printParanthesis(int, int, int, int, int, int, int, int, int, int)'
      printParanthesis(pos+1,n2,open2+1,close2);
                                              ^
..\src\Amazon21.cpp:48:6: note: declared here
 void printParanthesis(int pos,int n,int n1,int n2,int open,int close,int open1,int close1,int open2,int close2){
      ^
01:30:18 **** Incremental Build of configuration Debug for project Amazon21 ****
Info: Internal Builder is used for build
g++ -O0 -g3 -Wall -c -fmessage-length=0 -o "src\\Amazon21.o" "..\\src\\Amazon21.cpp" 
..\src\Amazon21.cpp: In function 'void printParanthesis(int, int, int, int, int, int, int, int, int, int)':
..\src\Amazon21.cpp:70:23: error: 'pos1' was not declared in this scope
      printParanthesis(pos1+1,n,n1,n2,open,close,open1+1,close1,open2,close2);
                       ^
..\src\Amazon21.cpp:75:44: error: too few arguments to function 'void printParanthesis(int, int, int, int, int, int, int, int, int, int)'
    printParanthesis(pos+1,n2,open2,close2+1);
                                            ^
..\src\Amazon21.cpp:48:6: note: declared here
 void printParanthesis(int pos,int n,int n1,int n2,int open,int close,int open1,int close1,int open2,int close2){
      ^
..\src\Amazon21.cpp:79:46: error: too few arguments to function 'void printParanthesis(int, int, int, int, int, int, int, int, int, int)'
      printParanthesis(pos+1,n2,open2+1,close2);
                                              ^
..\src\Amazon21.cpp:48:6: note: declared here
 void printParanthesis(int pos,int n,int n1,int n2,int open,int close,int open1,int close1,int open2,int close2){
      ^
01:30:29 **** Incremental Build of configuration Debug for project Amazon21 ****
Info: Internal Builder is used for build
g++ -O0 -g3 -Wall -c -fmessage-length=0 -o "src\\Amazon21.o" "..\\src\\Amazon21.cpp" 
..\src\Amazon21.cpp: In function 'void printParanthesis(int, int, int, int, int, int, int, int, int, int)':
..\src\Amazon21.cpp:75:44: error: too few arguments to function 'void printParanthesis(int, int, int, int, int, int, int, int, int, int)'
    printParanthesis(pos+1,n2,open2,close2+1);
                                            ^
..\src\Amazon21.cpp:48:6: note: declared here
 void printParanthesis(int pos,int n,int n1,int n2,int open,int close,int open1,int close1,int open2,int close2){
      ^
..\src\Amazon21.cpp:79:46: error: too few arguments to function 'void printParanthesis(int, int, int, int, int, int, int, int, int, int)'
      printParanthesis(pos+1,n2,open2+1,close2);
                                              ^
..\src\Amazon21.cpp:48:6: note: declared here
 void printParanthesis(int pos,int n,int n1,int n2,int open,int close,int open1,int close1,int open2,int close2){
      ^
01:31:06 **** Incremental Build of configuration Debug for project Amazon21 ****
Info: Internal Builder is used for build
g++ -O0 -g3 -Wall -c -fmessage-length=0 -o "src\\Amazon21.o" "..\\src\\Amazon21.cpp" 
g++ -o Amazon21.exe "src\\Amazon21.o" 
01:31:22 **** Incremental Build of configuration Debug for project Amazon21 ****
Info: Internal Builder is used for build
g++ -O0 -g3 -Wall -c -fmessage-length=0 -o "src\\Amazon21.o" "..\\src\\Amazon21.cpp" 
g++ -o Amazon21.exe "src\\Amazon21.o" 
02:15:05 **** Incremental Build of configuration Debug for project Amazon21 ****
Info: Internal Builder is used for build
g++ -O0 -g3 -Wall -c -fmessage-length=0 -o "src\\Amazon21.o" "..\\src\\Amazon21.cpp" 
g++ -o Amazon21.exe "src\\Amazon21.o" 
02:24:03 **** Incremental Build of configuration Debug for project Amazon21 ****
Info: Internal Builder is used for build
g++ -O0 -g3 -Wall -c -fmessage-length=0 -o "src\\Amazon21.o" "..\\src\\Amazon21.cpp" 
..\src\Amazon21.cpp: In function 'void show_mem_rep(char*, int)':
..\src\Amazon21.cpp:59:25: error: 'j' was not declared in this scope
      val = val | (start[j] & 0xff<<k);
                         ^
02:24:15 **** Incremental Build of configuration Debug for project Amazon21 ****
Info: Internal Builder is used for build
g++ -O0 -g3 -Wall -c -fmessage-length=0 -o "src\\Amazon21.o" "..\\src\\Amazon21.cpp" 
g++ -o Amazon21.exe "src\\Amazon21.o" 
02:25:08 **** Incremental Build of configuration Debug for project Amazon21 ****
Info: Internal Builder is used for build
g++ -O0 -g3 -Wall -c -fmessage-length=0 -o "src\\Amazon21.o" "..\\src\\Amazon21.cpp" 
g++ -o Amazon21.exe "src\\Amazon21.o" 
02:25:52 **** Incremental Build of configuration Debug for project Amazon21 ****
Info: Internal Builder is used for build
g++ -O0 -g3 -Wall -c -fmessage-length=0 -o "src\\Amazon21.o" "..\\src\\Amazon21.cpp" 
g++ -o Amazon21.exe "src\\Amazon21.o" 
02:26:49 **** Incremental Build of configuration Debug for project Amazon21 ****
Info: Internal Builder is used for build
g++ -O0 -g3 -Wall -c -fmessage-length=0 -o "src\\Amazon21.o" "..\\src\\Amazon21.cpp" 
g++ -o Amazon21.exe "src\\Amazon21.o" 
02:27:29 **** Incremental Build of configuration Debug for project Amazon21 ****
Info: Internal Builder is used for build
g++ -O0 -g3 -Wall -c -fmessage-length=0 -o "src\\Amazon21.o" "..\\src\\Amazon21.cpp" 
g++ -o Amazon21.exe "src\\Amazon21.o" 
02:28:05 **** Incremental Build of configuration Debug for project Amazon21 ****
Info: Internal Builder is used for build
g++ -O0 -g3 -Wall -c -fmessage-length=0 -o "src\\Amazon21.o" "..\\src\\Amazon21.cpp" 
g++ -o Amazon21.exe "src\\Amazon21.o" 
02:28:27 **** Incremental Build of configuration Debug for project Amazon21 ****
Info: Internal Builder is used for build
g++ -O0 -g3 -Wall -c -fmessage-length=0 -o "src\\Amazon21.o" "..\\src\\Amazon21.cpp" 
g++ -o Amazon21.exe "src\\Amazon21.o" 
02:29:01 **** Incremental Build of configuration Debug for project Amazon21 ****
Info: Internal Builder is used for build
g++ -O0 -g3 -Wall -c -fmessage-length=0 -o "src\\Amazon21.o" "..\\src\\Amazon21.cpp" 
g++ -o Amazon21.exe "src\\Amazon21.o" 
02:29:19 **** Incremental Build of configuration Debug for project Amazon21 ****
Info: Internal Builder is used for build
g++ -O0 -g3 -Wall -c -fmessage-length=0 -o "src\\Amazon21.o" "..\\src\\Amazon21.cpp" 
g++ -o Amazon21.exe "src\\Amazon21.o" 
15:58:19 **** Incremental Build of configuration Debug for project Amazon21 ****
Info: Internal Builder is used for build
g++ -O0 -g3 -Wall -c -fmessage-length=0 -o "src\\Amazon21.o" "..\\src\\Amazon21.cpp" 
g++ -o Amazon21.exe "src\\Amazon21.o" 
Info: Nothing to build for Amazon21
Info: Nothing to build for Amazon21
16:00:48 **** Incremental Build of configuration Debug for project Amazon21 ****
Info: Internal Builder is used for build
g++ -O0 -g3 -Wall -c -fmessage-length=0 -o "src\\Amazon21.o" "..\\src\\Amazon21.cpp" 
g++ -o Amazon21.exe "src\\Amazon21.o" 
Info: Nothing to build for Amazon21
Info: Nothing to build for Amazon21
16:01:44 **** Incremental Build of configuration Debug for project Amazon21 ****
Info: Internal Builder is used for build
g++ -O0 -g3 -Wall -c -fmessage-length=0 -o "src\\Amazon21.o" "..\\src\\Amazon21.cpp" 
g++ -o Amazon21.exe "src\\Amazon21.o" 
Info: Nothing to build for Amazon21
16:02:57 **** Incremental Build of configuration Debug for project Amazon21 ****
Info: Internal Builder is used for build
g++ -O0 -g3 -Wall -c -fmessage-length=0 -o "src\\Amazon21.o" "..\\src\\Amazon21.cpp" 
g++ -o Amazon21.exe "src\\Amazon21.o" 
Info: Nothing to build for Amazon21
16:03:54 **** Incremental Build of configuration Debug for project Amazon21 ****
Info: Internal Builder is used for build
g++ -O0 -g3 -Wall -c -fmessage-length=0 -o "src\\Amazon21.o" "..\\src\\Amazon21.cpp" 
g++ -o Amazon21.exe "src\\Amazon21.o" 
Info: Nothing to build for Amazon21
Info: Nothing to build for Amazon21
16:05:18 **** Incremental Build of configuration Debug for project Amazon21 ****
Info: Internal Builder is used for build
g++ -O0 -g3 -Wall -c -fmessage-length=0 -o "src\\Amazon21.o" "..\\src\\Amazon21.cpp" 
..\src\Amazon21.cpp: In function 'void printContinuousSubArrayWithAtMax3UniueElement(int*, int)':
..\src\Amazon21.cpp:31:21: error: conversion from 'std::map<int, int>*' to non-scalar type 'std::map<int, int>' requested
  map<int,int> m=new map<int,int>;
                     ^
16:05:38 **** Incremental Build of configuration Debug for project Amazon21 ****
Info: Internal Builder is used for build
g++ -O0 -g3 -Wall -c -fmessage-length=0 -o "src\\Amazon21.o" "..\\src\\Amazon21.cpp" 
..\src\Amazon21.cpp: In function 'void printContinuousSubArrayWithAtMax3UniueElement(int*, int)':
..\src\Amazon21.cpp:31:26: error: conversion from 'std::map<int, int>*' to non-scalar type 'std::map<int, int>' requested
  std::map<int,int> m=new map<int,int>;
                          ^
16:05:44 **** Incremental Build of configuration Debug for project Amazon21 ****
Info: Internal Builder is used for build
g++ -O0 -g3 -Wall -c -fmessage-length=0 -o "src\\Amazon21.o" "..\\src\\Amazon21.cpp" 
..\src\Amazon21.cpp: In function 'void printContinuousSubArrayWithAtMax3UniueElement(int*, int)':
..\src\Amazon21.cpp:31:31: error: conversion from 'std::map<int, int>*' to non-scalar type 'std::map<int, int>' requested
  std::map<int,int> m=new std::map<int,int>;
                               ^
16:05:59 **** Incremental Build of configuration Debug for project Amazon21 ****
Info: Internal Builder is used for build
g++ -O0 -g3 -Wall -c -fmessage-length=0 -o "src\\Amazon21.o" "..\\src\\Amazon21.cpp" 
g++ -o Amazon21.exe "src\\Amazon21.o" 
Info: Nothing to build for Amazon21
16:07:03 **** Incremental Build of configuration Debug for project Amazon21 ****
Info: Internal Builder is used for build
g++ -O0 -g3 -Wall -c -fmessage-length=0 -o "src\\Amazon21.o" "..\\src\\Amazon21.cpp" 
g++ -o Amazon21.exe "src\\Amazon21.o" 
16:07:12 **** Incremental Build of configuration Debug for project Amazon21 ****
Info: Internal Builder is used for build
g++ -O0 -g3 -Wall -c -fmessage-length=0 -o "src\\Amazon21.o" "..\\src\\Amazon21.cpp" 
g++ -o Amazon21.exe "src\\Amazon21.o" 
16:07:41 **** Incremental Build of configuration Debug for project Amazon21 ****
Info: Internal Builder is used for build
g++ -O0 -g3 -Wall -c -fmessage-length=0 -o "src\\Amazon21.o" "..\\src\\Amazon21.cpp" 
g++ -o Amazon21.exe "src\\Amazon21.o" 
Info: Nothing to build for Amazon21
16:09:52 **** Incremental Build of configuration Debug for project Amazon21 ****
Info: Internal Builder is used for build
g++ -O0 -g3 -Wall -c -fmessage-length=0 -o "src\\Amazon21.o" "..\\src\\Amazon21.cpp" 
g++ -o Amazon21.exe "src\\Amazon21.o" 
Info: Nothing to build for Amazon21
16:13:27 **** Incremental Build of configuration Debug for project Amazon21 ****
Info: Internal Builder is used for build
g++ -O0 -g3 -Wall -c -fmessage-length=0 -o "src\\Amazon21.o" "..\\src\\Amazon21.cpp" 
g++ -o Amazon21.exe "src\\Amazon21.o" 
Info: Nothing to build for Amazon21
16:15:41 **** Incremental Build of configuration Debug for project Amazon21 ****
Info: Internal Builder is used for build
g++ -O0 -g3 -Wall -c -fmessage-length=0 -o "src\\Amazon21.o" "..\\src\\Amazon21.cpp" 
g++ -o Amazon21.exe "src\\Amazon21.o" 
Info: Nothing to build for Amazon21
16:16:10 **** Incremental Build of configuration Debug for project Amazon21 ****
Info: Internal Builder is used for build
g++ -O0 -g3 -Wall -c -fmessage-length=0 -o "src\\Amazon21.o" "..\\src\\Amazon21.cpp" 
..\src\Amazon21.cpp: In function 'void printContinuousSubArrayWithAtMax3UniueElement(int*, int)':
..\src\Amazon21.cpp:71:2: error: expected ';' before 'm'
  m.clear();
  ^
16:16:16 **** Incremental Build of configuration Debug for project Amazon21 ****
Info: Internal Builder is used for build
g++ -O0 -g3 -Wall -c -fmessage-length=0 -o "src\\Amazon21.o" "..\\src\\Amazon21.cpp" 
g++ -o Amazon21.exe "src\\Amazon21.o" 
Info: Nothing to build for Amazon21
16:17:53 **** Incremental Build of configuration Debug for project Amazon21 ****
Info: Internal Builder is used for build
g++ -O0 -g3 -Wall -c -fmessage-length=0 -o "src\\Amazon21.o" "..\\src\\Amazon21.cpp" 
g++ -o Amazon21.exe "src\\Amazon21.o" 
Info: Nothing to build for Amazon21
Info: Nothing to build for Amazon21
Info: Nothing to build for Amazon21
Info: Nothing to build for Amazon21
Info: Nothing to build for Amazon21
16:22:21 **** Incremental Build of configuration Debug for project Amazon21 ****
Info: Internal Builder is used for build
g++ -O0 -g3 -Wall -c -fmessage-length=0 -o "src\\Amazon21.o" "..\\src\\Amazon21.cpp" 
g++ -o Amazon21.exe "src\\Amazon21.o" 
17:50:02 **** Incremental Build of configuration Debug for project Amazon21 ****
Info: Internal Builder is used for build
g++ -O0 -g3 -Wall -c -fmessage-length=0 -o "src\\Amazon21.o" "..\\src\\Amazon21.cpp" 
g++ -o Amazon21.exe "src\\Amazon21.o" 
